<?xml version="1.0" encoding="UTF-8"?>
<!-- Generated by org.testng.reporters.JUnitXMLReporter -->
<testsuite hostname="TO-2GF3Z52-L" name="Default test" tests="2" failures="0" timestamp="2 Nov 2019 06:13:57 GMT" time="0.023" errors="0">
  <testcase name="@BeforeSuite beforeSuite" time="0.0" classname="com.techouts.fanniemae.testcases.CreateRequisitionsTest">
    <failure type="java.lang.NullPointerException">
      <![CDATA[java.lang.NullPointerException
	at sun.nio.fs.WindowsFileSystem.getPath(Unknown Source)
	at java.nio.file.Paths.get(Unknown Source)
	at com.techouts.fanniemae.util.PathProvider.getGenPDFReportFilePath(PathProvider.java:133)
	at com.techouts.fanniemae.test.AbstractTest.init(AbstractTest.java:122)
	at com.techouts.fanniemae.test.AbstractTest.beforeSuite(AbstractTest.java:159)
	at sun.reflect.NativeMethodAccessorImpl.invoke0(Native Method)
	at sun.reflect.NativeMethodAccessorImpl.invoke(Unknown Source)
	at sun.reflect.DelegatingMethodAccessorImpl.invoke(Unknown Source)
	at java.lang.reflect.Method.invoke(Unknown Source)
	at org.testng.internal.MethodInvocationHelper.invokeMethod(MethodInvocationHelper.java:85)
	at org.testng.internal.Invoker.invokeConfigurationMethod(Invoker.java:521)
	at org.testng.internal.Invoker.invokeConfigurations(Invoker.java:213)
	at org.testng.internal.Invoker.invokeConfigurations(Invoker.java:140)
	at org.testng.SuiteRunner.privateRun(SuiteRunner.java:296)
	at org.testng.SuiteRunner.run(SuiteRunner.java:259)
	at org.testng.SuiteRunnerWorker.runSuite(SuiteRunnerWorker.java:52)
	at org.testng.SuiteRunnerWorker.run(SuiteRunnerWorker.java:86)
	at org.testng.TestNG.runSuitesSequentially(TestNG.java:1200)
	at org.testng.TestNG.runSuitesLocally(TestNG.java:1125)
	at org.testng.TestNG.run(TestNG.java:1033)
	at org.testng.remote.RemoteTestNG.run(RemoteTestNG.java:111)
	at org.testng.remote.RemoteTestNG.initAndRun(RemoteTestNG.java:204)
	at org.testng.remote.RemoteTestNG.main(RemoteTestNG.java:175)
]]>
    </failure>
  </testcase> <!-- @BeforeSuite beforeSuite -->
  <testcase name="@BeforeClass beforeClass" time="0.0" classname="com.techouts.fanniemae.testcases.CreateRequisitionsTest">
    <skipped/>
  </testcase> <!-- @BeforeClass beforeClass -->
  <testcase name="@AfterClass afterClass" time="0.0" classname="com.techouts.fanniemae.testcases.CreateRequisitionsTest">
    <skipped/>
  </testcase> <!-- @AfterClass afterClass -->
  <testcase name="createSpecialRequestsRequisitions" time="0.001" classname="com.techouts.fanniemae.testcases.CreateRequisitionsTest">
    <skipped/>
  </testcase> <!-- createSpecialRequestsRequisitions -->
  <testcase name="commodityApprovalforSubmittedRequest" time="0.002" classname="com.techouts.fanniemae.testcases.CreateRequisitionsTest">
    <skipped/>
  </testcase> <!-- commodityApprovalforSubmittedRequest -->
</testsuite> <!-- Default test -->
