<?xml version="1.0" encoding="UTF-8"?>
<!-- Generated by org.testng.reporters.JUnitXMLReporter -->
<testsuite hostname="TO8K4MZL2-D" ignored="0" name="Default test" tests="1" failures="0" timestamp="26 Nov 2019 12:48:36 GMT" time="0.016" errors="0">
  <testcase name="@BeforeSuite beforeSuite" time="0.033" classname="com.techouts.fanniemae.test.AbstractTest">
    <failure type="java.lang.NullPointerException">
      <![CDATA[java.lang.NullPointerException
at sun.nio.fs.WindowsFileSystem.getPath(Unknown Source)
at java.nio.file.Paths.get(Unknown Source)
at com.techouts.fanniemae.util.PathProvider.getGenPDFReportFilePath(PathProvider.java:133)
at com.techouts.fanniemae.test.AbstractTest.init(AbstractTest.java:127)
at com.techouts.fanniemae.test.AbstractTest.beforeSuite(AbstractTest.java:164)
at sun.reflect.NativeMethodAccessorImpl.invoke0(Native Method)
at sun.reflect.NativeMethodAccessorImpl.invoke(Unknown Source)
at sun.reflect.DelegatingMethodAccessorImpl.invoke(Unknown Source)
at java.lang.reflect.Method.invoke(Unknown Source)
at org.testng.internal.MethodInvocationHelper.invokeMethod(MethodInvocationHelper.java:124)
at org.testng.internal.MethodInvocationHelper.invokeMethodConsideringTimeout(MethodInvocationHelper.java:59)
at org.testng.internal.Invoker.invokeConfigurationMethod(Invoker.java:458)
at org.testng.internal.Invoker.invokeConfigurations(Invoker.java:222)
at org.testng.internal.Invoker.invokeConfigurations(Invoker.java:142)
at org.testng.SuiteRunner.privateRun(SuiteRunner.java:401)
at org.testng.SuiteRunner.run(SuiteRunner.java:364)
at org.testng.SuiteRunnerWorker.runSuite(SuiteRunnerWorker.java:52)
at org.testng.SuiteRunnerWorker.run(SuiteRunnerWorker.java:84)
at org.testng.TestNG.runSuitesSequentially(TestNG.java:1208)
at org.testng.TestNG.runSuitesLocally(TestNG.java:1137)
at org.testng.TestNG.runSuites(TestNG.java:1049)
at org.testng.TestNG.run(TestNG.java:1017)
at org.testng.remote.AbstractRemoteTestNG.run(AbstractRemoteTestNG.java:115)
at org.testng.remote.RemoteTestNG.initAndRun(RemoteTestNG.java:251)
at org.testng.remote.RemoteTestNG.main(RemoteTestNG.java:77)
]]>
    </failure>
  </testcase> <!-- @BeforeSuite beforeSuite -->
  <testcase name="@BeforeClass beforeClass" time="0.0" classname="com.techouts.fanniemae.test.AbstractTest">
    <skipped/>
  </testcase> <!-- @BeforeClass beforeClass -->
  <testcase name="@AfterClass afterClass" time="0.0" classname="com.techouts.fanniemae.test.AbstractTest">
    <skipped/>
  </testcase> <!-- @AfterClass afterClass -->
  <testcase name="openApplication" time="0.0" classname="com.pt.SupplierReg">
    <skipped/>
  </testcase> <!-- openApplication -->
</testsuite> <!-- Default test -->
