<html>
<head>
<title>TestNG:  Test</title>
<link href="../testng.css" rel="stylesheet" type="text/css" />
<link href="../my-testng.css" rel="stylesheet" type="text/css" />

<style type="text/css">
.log { display: none;} 
.stack-trace { display: none;} 
</style>
<script type="text/javascript">
<!--
function flip(e) {
  current = e.style.display;
  if (current == 'block') {
    e.style.display = 'none';
    return 0;
  }
  else {
    e.style.display = 'block';
    return 1;
  }
}

function toggleBox(szDivId, elem, msg1, msg2)
{
  var res = -1;  if (document.getElementById) {
    res = flip(document.getElementById(szDivId));
  }
  else if (document.all) {
    // this is the way old msie versions work
    res = flip(document.all[szDivId]);
  }
  if(elem) {
    if(res == 0) elem.innerHTML = msg1; else elem.innerHTML = msg2;
  }

}

function toggleAllBoxes() {
  if (document.getElementsByTagName) {
    d = document.getElementsByTagName('div');
    for (i = 0; i < d.length; i++) {
      if (d[i].className == 'log') {
        flip(d[i]);
      }
    }
  }
}

// -->
</script>

</head>
<body>
<h2 align='center'>Test</h2><table border='1' align="center">
<tr>
<td>Tests passed/Failed/Skipped:</td><td>0/4/0</td>
</tr><tr>
<td>Started on:</td><td>Thu Sep 05 16:57:30 IST 2019</td>
</tr>
<tr><td>Total time:</td><td>120 seconds (120782 ms)</td>
</tr><tr>
<td>Included groups:</td><td></td>
</tr><tr>
<td>Excluded groups:</td><td></td>
</tr>
</table><p/>
<small><i>(Hover the method name to see the test class name)</i></small><p/>
<table width='100%' border='1' class='invocation-failed'>
<tr><td colspan='4' align='center'><b>FAILED TESTS</b></td></tr>
<tr><td><b>Test method</b></td>
<td width="30%"><b>Exception</b></td>
<td width="10%"><b>Time (seconds)</b></td>
<td><b>Instance</b></td>
</tr>
<tr>
<td title='com.techouts.fanniemae.testcases.CreateRequisitionsTest.commodityApprovalforSubmittedRequest()'><b>commodityApprovalforSubmittedRequest</b><br>Test class: com.techouts.fanniemae.testcases.CreateRequisitionsTest</td>
<td><div><pre>com.techouts.fanniemae.exceptions.FannieMaeBusinessException: throwing exception to make sure capturing testcase result to testNG
	at com.techouts.fanniemae.test.AbstractTest.performPostExceptionProcess(AbstractTest.java:221)
	at com.techouts.fanniemae.testcases.CreateRequisitionsTest.commodityApprovalforSubmittedRequest(CreateRequisitionsTest.java:117)
Caused by: com.techouts.fanniemae.exceptions.AssertException: Fails to Create Requistion successfully, Sorry! skipping the approval flow
	at com.techouts.fanniemae.util.Assert.assertTrue(Assert.java:16)
	at com.techouts.fanniemae.testcases.CreateRequisitionsTest.commodityApprovalforSubmittedRequest(CreateRequisitionsTest.java:71)
	... 25 more
... Removed 25 stack frames</pre></div><a href='#' onClick='toggleBox("stack-trace792195577", this, "Click to show all stack frames", "Click to hide stack frames")'>Click to show all stack frames</a>
<div class='stack-trace' id='stack-trace792195577'><pre>com.techouts.fanniemae.exceptions.FannieMaeBusinessException: throwing exception to make sure capturing testcase result to testNG
	at com.techouts.fanniemae.test.AbstractTest.performPostExceptionProcess(AbstractTest.java:221)
	at com.techouts.fanniemae.testcases.CreateRequisitionsTest.commodityApprovalforSubmittedRequest(CreateRequisitionsTest.java:117)
	at sun.reflect.NativeMethodAccessorImpl.invoke0(Native Method)
	at sun.reflect.NativeMethodAccessorImpl.invoke(Unknown Source)
	at sun.reflect.DelegatingMethodAccessorImpl.invoke(Unknown Source)
	at java.lang.reflect.Method.invoke(Unknown Source)
	at org.testng.internal.MethodInvocationHelper.invokeMethod(MethodInvocationHelper.java:124)
	at org.testng.internal.Invoker.invokeMethod(Invoker.java:583)
	at org.testng.internal.Invoker.invokeTestMethod(Invoker.java:719)
	at org.testng.internal.Invoker.invokeTestMethods(Invoker.java:989)
	at org.testng.internal.TestMethodWorker.invokeTestMethods(TestMethodWorker.java:125)
	at org.testng.internal.TestMethodWorker.run(TestMethodWorker.java:109)
	at org.testng.TestRunner.privateRun(TestRunner.java:648)
	at org.testng.TestRunner.run(TestRunner.java:505)
	at org.testng.SuiteRunner.runTest(SuiteRunner.java:455)
	at org.testng.SuiteRunner.runSequentially(SuiteRunner.java:450)
	at org.testng.SuiteRunner.privateRun(SuiteRunner.java:415)
	at org.testng.SuiteRunner.run(SuiteRunner.java:364)
	at org.testng.SuiteRunnerWorker.runSuite(SuiteRunnerWorker.java:52)
	at org.testng.SuiteRunnerWorker.run(SuiteRunnerWorker.java:84)
	at org.testng.TestNG.runSuitesSequentially(TestNG.java:1208)
	at org.testng.TestNG.runSuitesLocally(TestNG.java:1137)
	at org.testng.TestNG.runSuites(TestNG.java:1049)
	at org.testng.TestNG.run(TestNG.java:1017)
	at org.testng.remote.AbstractRemoteTestNG.run(AbstractRemoteTestNG.java:115)
	at org.testng.remote.RemoteTestNG.initAndRun(RemoteTestNG.java:251)
	at org.testng.remote.RemoteTestNG.main(RemoteTestNG.java:77)
Caused by: com.techouts.fanniemae.exceptions.AssertException: Fails to Create Requistion successfully, Sorry! skipping the approval flow
	at com.techouts.fanniemae.util.Assert.assertTrue(Assert.java:16)
	at com.techouts.fanniemae.testcases.CreateRequisitionsTest.commodityApprovalforSubmittedRequest(CreateRequisitionsTest.java:71)
	... 25 more
</pre></div></td>
<td>3</td>
<td>com.techouts.fanniemae.testcases.CreateRequisitionsTest@5ef6ae06</td></tr>
<tr>
<td title='com.techouts.fanniemae.testcases.CorporateSupplierCreationTest.createCorporateSupplier()'><b>createCorporateSupplier</b><br>Test class: com.techouts.fanniemae.testcases.CorporateSupplierCreationTest</td>
<td><div><pre>com.techouts.fanniemae.exceptions.FannieMaeBusinessException: throwing exception to make sure capturing testcase result to testNG
	at com.techouts.fanniemae.test.AbstractTest.performPostExceptionProcess(AbstractTest.java:221)
	at com.techouts.fanniemae.testcases.CorporateSupplierCreationTest.createCorporateSupplier(CorporateSupplierCreationTest.java:88)
Caused by: com.techouts.fanniemae.exceptions.WebElementOperationException: Error occurred while comparing the ActualPageTitle[Corporate Procurement HomePage: Buyer Fannie Mae] with ExpectedPageTitle[Login: Buyer Fannie Mae].
	at com.techouts.fanniemae.webelement.ops.WebElementOperations.throwWebElementOperationException(WebElementOperations.java:187)
	at com.techouts.fanniemae.webelement.ops.WebElementOperations.verifyPageTitle(WebElementOperations.java:92)
	at com.techouts.fanniemae.testcases.CorporateSupplierCreationTest.createCorporateSupplier(CorporateSupplierCreationTest.java:63)
	... 25 more
Caused by: com.techouts.fanniemae.exceptions.AssertException: Page title is not as expected.
	at com.techouts.fanniemae.util.Assert.assertEquals(Assert.java:26)
	at com.techouts.fanniemae.webelement.ops.WebElementOperations.verifyPageTitle(WebElementOperations.java:89)
	... 26 more
... Removed 25 stack frames</pre></div><a href='#' onClick='toggleBox("stack-trace441260727", this, "Click to show all stack frames", "Click to hide stack frames")'>Click to show all stack frames</a>
<div class='stack-trace' id='stack-trace441260727'><pre>com.techouts.fanniemae.exceptions.FannieMaeBusinessException: throwing exception to make sure capturing testcase result to testNG
	at com.techouts.fanniemae.test.AbstractTest.performPostExceptionProcess(AbstractTest.java:221)
	at com.techouts.fanniemae.testcases.CorporateSupplierCreationTest.createCorporateSupplier(CorporateSupplierCreationTest.java:88)
	at sun.reflect.NativeMethodAccessorImpl.invoke0(Native Method)
	at sun.reflect.NativeMethodAccessorImpl.invoke(Unknown Source)
	at sun.reflect.DelegatingMethodAccessorImpl.invoke(Unknown Source)
	at java.lang.reflect.Method.invoke(Unknown Source)
	at org.testng.internal.MethodInvocationHelper.invokeMethod(MethodInvocationHelper.java:124)
	at org.testng.internal.Invoker.invokeMethod(Invoker.java:583)
	at org.testng.internal.Invoker.invokeTestMethod(Invoker.java:719)
	at org.testng.internal.Invoker.invokeTestMethods(Invoker.java:989)
	at org.testng.internal.TestMethodWorker.invokeTestMethods(TestMethodWorker.java:125)
	at org.testng.internal.TestMethodWorker.run(TestMethodWorker.java:109)
	at org.testng.TestRunner.privateRun(TestRunner.java:648)
	at org.testng.TestRunner.run(TestRunner.java:505)
	at org.testng.SuiteRunner.runTest(SuiteRunner.java:455)
	at org.testng.SuiteRunner.runSequentially(SuiteRunner.java:450)
	at org.testng.SuiteRunner.privateRun(SuiteRunner.java:415)
	at org.testng.SuiteRunner.run(SuiteRunner.java:364)
	at org.testng.SuiteRunnerWorker.runSuite(SuiteRunnerWorker.java:52)
	at org.testng.SuiteRunnerWorker.run(SuiteRunnerWorker.java:84)
	at org.testng.TestNG.runSuitesSequentially(TestNG.java:1208)
	at org.testng.TestNG.runSuitesLocally(TestNG.java:1137)
	at org.testng.TestNG.runSuites(TestNG.java:1049)
	at org.testng.TestNG.run(TestNG.java:1017)
	at org.testng.remote.AbstractRemoteTestNG.run(AbstractRemoteTestNG.java:115)
	at org.testng.remote.RemoteTestNG.initAndRun(RemoteTestNG.java:251)
	at org.testng.remote.RemoteTestNG.main(RemoteTestNG.java:77)
Caused by: com.techouts.fanniemae.exceptions.WebElementOperationException: Error occurred while comparing the ActualPageTitle[Corporate Procurement HomePage: Buyer Fannie Mae] with ExpectedPageTitle[Login: Buyer Fannie Mae].
	at com.techouts.fanniemae.webelement.ops.WebElementOperations.throwWebElementOperationException(WebElementOperations.java:187)
	at com.techouts.fanniemae.webelement.ops.WebElementOperations.verifyPageTitle(WebElementOperations.java:92)
	at com.techouts.fanniemae.testcases.CorporateSupplierCreationTest.createCorporateSupplier(CorporateSupplierCreationTest.java:63)
	... 25 more
Caused by: com.techouts.fanniemae.exceptions.AssertException: Page title is not as expected.
	at com.techouts.fanniemae.util.Assert.assertEquals(Assert.java:26)
	at com.techouts.fanniemae.webelement.ops.WebElementOperations.verifyPageTitle(WebElementOperations.java:89)
	... 26 more
</pre></div></td>
<td>1</td>
<td>com.techouts.fanniemae.testcases.CorporateSupplierCreationTest@23aa363a</td></tr>
<tr>
<td title='com.techouts.fanniemae.testcases.RealEstateBrokerSupplierCreationTest.createRealEstateBroker()'><b>createRealEstateBroker</b><br>Test class: com.techouts.fanniemae.testcases.RealEstateBrokerSupplierCreationTest</td>
<td><div><pre>com.techouts.fanniemae.exceptions.FannieMaeBusinessException: throwing exception to make sure capturing testcase result to testNG
	at com.techouts.fanniemae.test.AbstractTest.performPostExceptionProcess(AbstractTest.java:221)
	at com.techouts.fanniemae.testcases.RealEstateBrokerSupplierCreationTest.createRealEstateBroker(RealEstateBrokerSupplierCreationTest.java:224)
Caused by: com.techouts.fanniemae.exceptions.WebElementOperationException: Unable to perform click operation on WebElemet:[[ChromeDriver: chrome on XP (77ea2d72f1b75eae4e58dc9225c07b52)] -&gt; id: body_x_tabc_x_contact_x_prxcontact_x_proxyContact_x_selContact_x_btnselContact_btn2]
	at com.techouts.fanniemae.webelement.ops.WebElementOperations.throwWebElementOperationException(WebElementOperations.java:187)
	at com.techouts.fanniemae.webelement.ops.WebElementOperations.click(WebElementOperations.java:159)
	at com.techouts.fanniemae.testcases.RealEstateBrokerSupplierCreationTest.createRealEstateBroker(RealEstateBrokerSupplierCreationTest.java:162)
	... 25 more
Caused by: com.techouts.fanniemae.exceptions.WebElementOperationException: Unknown error occurred while executing Javascript[arguments[0].style.border=&apos;5px solid blue&apos;] on WebElement[[[ChromeDriver: chrome on XP (77ea2d72f1b75eae4e58dc9225c07b52)] -&gt; id: body_x_tabc_x_contact_x_prxcontact_x_proxyContact_x_selContact_x_btnselContact_btn2]]
	at com.techouts.fanniemae.webelement.ops.WebElementOperations.throwWebElementOperationException(WebElementOperations.java:187)
	at com.techouts.fanniemae.webelement.ops.WebElementOperations.executeJS(WebElementOperations.java:181)
	at com.techouts.fanniemae.webelement.ops.WebElementOperations.webElementHighlighter(WebElementOperations.java:164)
	at com.techouts.fanniemae.webelement.ops.WebElementOperations.click(WebElementOperations.java:155)
	... 26 more
Caused by: org.openqa.selenium.NoSuchElementException: no such element: Unable to locate element: {&quot;method&quot;:&quot;css selector&quot;,&quot;selector&quot;:&quot;#body_x_tabc_x_contact_x_prxcontact_x_proxyContact_x_selContact_x_btnselContact_btn2&quot;}
  (Session info: chrome=76.0.3809.132)
For documentation on this error, please visit: https://www.seleniumhq.org/exceptions/no_such_element.html
Build info: version: &apos;3.141.59&apos;, revision: &apos;e82be7d358&apos;, time: &apos;2018-11-14T08:17:03&apos;
System info: host: &apos;TO-W7GL-15&apos;, ip: &apos;192.168.1.147&apos;, os.name: &apos;Windows 10&apos;, os.arch: &apos;amd64&apos;, os.version: &apos;10.0&apos;, java.version: &apos;1.8.0_221&apos;
Driver info: org.openqa.selenium.chrome.ChromeDriver
Capabilities {acceptInsecureCerts: false, browserName: chrome, browserVersion: 76.0.3809.132, chrome: {chromedriverVersion: 76.0.3809.68 (420c9498db8ce..., userDataDir: C:\Users\TO-W7G~1\AppData\L...}, goog:chromeOptions: {debuggerAddress: localhost:54813}, javascriptEnabled: true, networkConnectionEnabled: false, pageLoadStrategy: normal, platform: XP, platformName: XP, proxy: Proxy(), setWindowRect: true, strictFileInteractability: false, timeouts: {implicit: 0, pageLoad: 300000, script: 30000}, unhandledPromptBehavior: dismiss and notify}
Session ID: 77ea2d72f1b75eae4e58dc9225c07b52
*** Element info: {Using=id, value=body_x_tabc_x_contact_x_prxcontact_x_proxyContact_x_selContact_x_btnselContact_btn2}
	at org.openqa.selenium.remote.http.W3CHttpResponseCodec.createException(W3CHttpResponseCodec.java:187)
	at org.openqa.selenium.remote.http.W3CHttpResponseCodec.decode(W3CHttpResponseCodec.java:122)
	at org.openqa.selenium.remote.http.W3CHttpResponseCodec.decode(W3CHttpResponseCodec.java:49)
	at org.openqa.selenium.remote.HttpCommandExecutor.execute(HttpCommandExecutor.java:158)
	at org.openqa.selenium.remote.service.DriverCommandExecutor.execute(DriverCommandExecutor.java:83)
	at org.openqa.selenium.remote.RemoteWebDriver.execute(RemoteWebDriver.java:552)
	at org.openqa.selenium.remote.RemoteWebDriver.findElement(RemoteWebDriver.java:323)
	at org.openqa.selenium.remote.RemoteWebDriver.findElementById(RemoteWebDriver.java:372)
	at org.openqa.selenium.By$ById.findElement(By.java:188)
	at org.openqa.selenium.remote.RemoteWebDriver.findElement(RemoteWebDriver.java:315)
	at org.openqa.selenium.support.pagefactory.DefaultElementLocator.findElement(DefaultElementLocator.java:69)
	at org.openqa.selenium.support.pagefactory.internal.LocatingElementHandler.invoke(LocatingElementHandler.java:38)
	at com.sun.proxy.$Proxy11.getWrappedElement(Unknown Source)
	at org.openqa.selenium.remote.internal.WebElementToJsonConverter.apply(WebElementToJsonConverter.java:50)
	at java.util.stream.ReferencePipeline$3$1.accept(Unknown Source)
	at java.util.Spliterators$ArraySpliterator.forEachRemaining(Unknown Source)
	at java.util.stream.AbstractPipeline.copyInto(Unknown Source)
	at java.util.stream.AbstractPipeline.wrapAndCopyInto(Unknown Source)
	at java.util.stream.ReduceOps$ReduceOp.evaluateSequential(Unknown Source)
	at java.util.stream.AbstractPipeline.evaluate(Unknown Source)
	at java.util.stream.ReferencePipeline.collect(Unknown Source)
	at org.openqa.selenium.remote.RemoteWebDriver.executeScript(RemoteWebDriver.java:484)
	at com.techouts.fanniemae.webelement.ops.WebElementOperations.executeJS(WebElementOperations.java:176)
	... 28 more
... Removed 29 stack frames</pre></div><a href='#' onClick='toggleBox("stack-trace1624203949", this, "Click to show all stack frames", "Click to hide stack frames")'>Click to show all stack frames</a>
<div class='stack-trace' id='stack-trace1624203949'><pre>com.techouts.fanniemae.exceptions.FannieMaeBusinessException: throwing exception to make sure capturing testcase result to testNG
	at com.techouts.fanniemae.test.AbstractTest.performPostExceptionProcess(AbstractTest.java:221)
	at com.techouts.fanniemae.testcases.RealEstateBrokerSupplierCreationTest.createRealEstateBroker(RealEstateBrokerSupplierCreationTest.java:224)
	at sun.reflect.NativeMethodAccessorImpl.invoke0(Native Method)
	at sun.reflect.NativeMethodAccessorImpl.invoke(Unknown Source)
	at sun.reflect.DelegatingMethodAccessorImpl.invoke(Unknown Source)
	at java.lang.reflect.Method.invoke(Unknown Source)
	at org.testng.internal.MethodInvocationHelper.invokeMethod(MethodInvocationHelper.java:124)
	at org.testng.internal.Invoker.invokeMethod(Invoker.java:583)
	at org.testng.internal.Invoker.invokeTestMethod(Invoker.java:719)
	at org.testng.internal.Invoker.invokeTestMethods(Invoker.java:989)
	at org.testng.internal.TestMethodWorker.invokeTestMethods(TestMethodWorker.java:125)
	at org.testng.internal.TestMethodWorker.run(TestMethodWorker.java:109)
	at org.testng.TestRunner.privateRun(TestRunner.java:648)
	at org.testng.TestRunner.run(TestRunner.java:505)
	at org.testng.SuiteRunner.runTest(SuiteRunner.java:455)
	at org.testng.SuiteRunner.runSequentially(SuiteRunner.java:450)
	at org.testng.SuiteRunner.privateRun(SuiteRunner.java:415)
	at org.testng.SuiteRunner.run(SuiteRunner.java:364)
	at org.testng.SuiteRunnerWorker.runSuite(SuiteRunnerWorker.java:52)
	at org.testng.SuiteRunnerWorker.run(SuiteRunnerWorker.java:84)
	at org.testng.TestNG.runSuitesSequentially(TestNG.java:1208)
	at org.testng.TestNG.runSuitesLocally(TestNG.java:1137)
	at org.testng.TestNG.runSuites(TestNG.java:1049)
	at org.testng.TestNG.run(TestNG.java:1017)
	at org.testng.remote.AbstractRemoteTestNG.run(AbstractRemoteTestNG.java:115)
	at org.testng.remote.RemoteTestNG.initAndRun(RemoteTestNG.java:251)
	at org.testng.remote.RemoteTestNG.main(RemoteTestNG.java:77)
Caused by: com.techouts.fanniemae.exceptions.WebElementOperationException: Unable to perform click operation on WebElemet:[[ChromeDriver: chrome on XP (77ea2d72f1b75eae4e58dc9225c07b52)] -&gt; id: body_x_tabc_x_contact_x_prxcontact_x_proxyContact_x_selContact_x_btnselContact_btn2]
	at com.techouts.fanniemae.webelement.ops.WebElementOperations.throwWebElementOperationException(WebElementOperations.java:187)
	at com.techouts.fanniemae.webelement.ops.WebElementOperations.click(WebElementOperations.java:159)
	at com.techouts.fanniemae.testcases.RealEstateBrokerSupplierCreationTest.createRealEstateBroker(RealEstateBrokerSupplierCreationTest.java:162)
	... 25 more
Caused by: com.techouts.fanniemae.exceptions.WebElementOperationException: Unknown error occurred while executing Javascript[arguments[0].style.border=&apos;5px solid blue&apos;] on WebElement[[[ChromeDriver: chrome on XP (77ea2d72f1b75eae4e58dc9225c07b52)] -&gt; id: body_x_tabc_x_contact_x_prxcontact_x_proxyContact_x_selContact_x_btnselContact_btn2]]
	at com.techouts.fanniemae.webelement.ops.WebElementOperations.throwWebElementOperationException(WebElementOperations.java:187)
	at com.techouts.fanniemae.webelement.ops.WebElementOperations.executeJS(WebElementOperations.java:181)
	at com.techouts.fanniemae.webelement.ops.WebElementOperations.webElementHighlighter(WebElementOperations.java:164)
	at com.techouts.fanniemae.webelement.ops.WebElementOperations.click(WebElementOperations.java:155)
	... 26 more
Caused by: org.openqa.selenium.NoSuchElementException: no such element: Unable to locate element: {&quot;method&quot;:&quot;css selector&quot;,&quot;selector&quot;:&quot;#body_x_tabc_x_contact_x_prxcontact_x_proxyContact_x_selContact_x_btnselContact_btn2&quot;}
  (Session info: chrome=76.0.3809.132)
For documentation on this error, please visit: https://www.seleniumhq.org/exceptions/no_such_element.html
Build info: version: &apos;3.141.59&apos;, revision: &apos;e82be7d358&apos;, time: &apos;2018-11-14T08:17:03&apos;
System info: host: &apos;TO-W7GL-15&apos;, ip: &apos;192.168.1.147&apos;, os.name: &apos;Windows 10&apos;, os.arch: &apos;amd64&apos;, os.version: &apos;10.0&apos;, java.version: &apos;1.8.0_221&apos;
Driver info: org.openqa.selenium.chrome.ChromeDriver
Capabilities {acceptInsecureCerts: false, browserName: chrome, browserVersion: 76.0.3809.132, chrome: {chromedriverVersion: 76.0.3809.68 (420c9498db8ce..., userDataDir: C:\Users\TO-W7G~1\AppData\L...}, goog:chromeOptions: {debuggerAddress: localhost:54813}, javascriptEnabled: true, networkConnectionEnabled: false, pageLoadStrategy: normal, platform: XP, platformName: XP, proxy: Proxy(), setWindowRect: true, strictFileInteractability: false, timeouts: {implicit: 0, pageLoad: 300000, script: 30000}, unhandledPromptBehavior: dismiss and notify}
Session ID: 77ea2d72f1b75eae4e58dc9225c07b52
*** Element info: {Using=id, value=body_x_tabc_x_contact_x_prxcontact_x_proxyContact_x_selContact_x_btnselContact_btn2}
	at sun.reflect.NativeConstructorAccessorImpl.newInstance0(Native Method)
	at sun.reflect.NativeConstructorAccessorImpl.newInstance(Unknown Source)
	at sun.reflect.DelegatingConstructorAccessorImpl.newInstance(Unknown Source)
	at java.lang.reflect.Constructor.newInstance(Unknown Source)
	at org.openqa.selenium.remote.http.W3CHttpResponseCodec.createException(W3CHttpResponseCodec.java:187)
	at org.openqa.selenium.remote.http.W3CHttpResponseCodec.decode(W3CHttpResponseCodec.java:122)
	at org.openqa.selenium.remote.http.W3CHttpResponseCodec.decode(W3CHttpResponseCodec.java:49)
	at org.openqa.selenium.remote.HttpCommandExecutor.execute(HttpCommandExecutor.java:158)
	at org.openqa.selenium.remote.service.DriverCommandExecutor.execute(DriverCommandExecutor.java:83)
	at org.openqa.selenium.remote.RemoteWebDriver.execute(RemoteWebDriver.java:552)
	at org.openqa.selenium.remote.RemoteWebDriver.findElement(RemoteWebDriver.java:323)
	at org.openqa.selenium.remote.RemoteWebDriver.findElementById(RemoteWebDriver.java:372)
	at org.openqa.selenium.By$ById.findElement(By.java:188)
	at org.openqa.selenium.remote.RemoteWebDriver.findElement(RemoteWebDriver.java:315)
	at org.openqa.selenium.support.pagefactory.DefaultElementLocator.findElement(DefaultElementLocator.java:69)
	at org.openqa.selenium.support.pagefactory.internal.LocatingElementHandler.invoke(LocatingElementHandler.java:38)
	at com.sun.proxy.$Proxy11.getWrappedElement(Unknown Source)
	at org.openqa.selenium.remote.internal.WebElementToJsonConverter.apply(WebElementToJsonConverter.java:50)
	at java.util.stream.ReferencePipeline$3$1.accept(Unknown Source)
	at java.util.Spliterators$ArraySpliterator.forEachRemaining(Unknown Source)
	at java.util.stream.AbstractPipeline.copyInto(Unknown Source)
	at java.util.stream.AbstractPipeline.wrapAndCopyInto(Unknown Source)
	at java.util.stream.ReduceOps$ReduceOp.evaluateSequential(Unknown Source)
	at java.util.stream.AbstractPipeline.evaluate(Unknown Source)
	at java.util.stream.ReferencePipeline.collect(Unknown Source)
	at org.openqa.selenium.remote.RemoteWebDriver.executeScript(RemoteWebDriver.java:484)
	at com.techouts.fanniemae.webelement.ops.WebElementOperations.executeJS(WebElementOperations.java:176)
	... 28 more
</pre></div></td>
<td>112</td>
<td>com.techouts.fanniemae.testcases.RealEstateBrokerSupplierCreationTest@ff684e1</td></tr>
<tr>
<td title='com.techouts.fanniemae.testcases.CreateRequisitionsTest.createSpecialRequestsRequisitions()'><b>createSpecialRequestsRequisitions</b><br>Test class: com.techouts.fanniemae.testcases.CreateRequisitionsTest</td>
<td><div><pre>com.techouts.fanniemae.exceptions.FannieMaeBusinessException: throwing exception to make sure capturing testcase result to testNG
	at com.techouts.fanniemae.test.AbstractTest.performPostExceptionProcess(AbstractTest.java:221)
	at com.techouts.fanniemae.testcases.CreateRequisitionsTest.createSpecialRequestsRequisitions(CreateRequisitionsTest.java:60)
Caused by: com.techouts.fanniemae.exceptions.WebElementOperationException: Error occurred while comparing the ActualPageTitle[Corporate Procurement HomePage: Buyer Fannie Mae] with ExpectedPageTitle[Login: Buyer Fannie Mae].
	at com.techouts.fanniemae.webelement.ops.WebElementOperations.throwWebElementOperationException(WebElementOperations.java:187)
	at com.techouts.fanniemae.webelement.ops.WebElementOperations.verifyPageTitle(WebElementOperations.java:92)
	at com.techouts.fanniemae.testcases.CreateRequisitionsTest.createSpecialRequestsRequisitions(CreateRequisitionsTest.java:36)
	... 25 more
Caused by: com.techouts.fanniemae.exceptions.AssertException: Page title is not as expected.
	at com.techouts.fanniemae.util.Assert.assertEquals(Assert.java:26)
	at com.techouts.fanniemae.webelement.ops.WebElementOperations.verifyPageTitle(WebElementOperations.java:89)
	... 26 more
... Removed 25 stack frames</pre></div><a href='#' onClick='toggleBox("stack-trace1273689789", this, "Click to show all stack frames", "Click to hide stack frames")'>Click to show all stack frames</a>
<div class='stack-trace' id='stack-trace1273689789'><pre>com.techouts.fanniemae.exceptions.FannieMaeBusinessException: throwing exception to make sure capturing testcase result to testNG
	at com.techouts.fanniemae.test.AbstractTest.performPostExceptionProcess(AbstractTest.java:221)
	at com.techouts.fanniemae.testcases.CreateRequisitionsTest.createSpecialRequestsRequisitions(CreateRequisitionsTest.java:60)
	at sun.reflect.NativeMethodAccessorImpl.invoke0(Native Method)
	at sun.reflect.NativeMethodAccessorImpl.invoke(Unknown Source)
	at sun.reflect.DelegatingMethodAccessorImpl.invoke(Unknown Source)
	at java.lang.reflect.Method.invoke(Unknown Source)
	at org.testng.internal.MethodInvocationHelper.invokeMethod(MethodInvocationHelper.java:124)
	at org.testng.internal.Invoker.invokeMethod(Invoker.java:583)
	at org.testng.internal.Invoker.invokeTestMethod(Invoker.java:719)
	at org.testng.internal.Invoker.invokeTestMethods(Invoker.java:989)
	at org.testng.internal.TestMethodWorker.invokeTestMethods(TestMethodWorker.java:125)
	at org.testng.internal.TestMethodWorker.run(TestMethodWorker.java:109)
	at org.testng.TestRunner.privateRun(TestRunner.java:648)
	at org.testng.TestRunner.run(TestRunner.java:505)
	at org.testng.SuiteRunner.runTest(SuiteRunner.java:455)
	at org.testng.SuiteRunner.runSequentially(SuiteRunner.java:450)
	at org.testng.SuiteRunner.privateRun(SuiteRunner.java:415)
	at org.testng.SuiteRunner.run(SuiteRunner.java:364)
	at org.testng.SuiteRunnerWorker.runSuite(SuiteRunnerWorker.java:52)
	at org.testng.SuiteRunnerWorker.run(SuiteRunnerWorker.java:84)
	at org.testng.TestNG.runSuitesSequentially(TestNG.java:1208)
	at org.testng.TestNG.runSuitesLocally(TestNG.java:1137)
	at org.testng.TestNG.runSuites(TestNG.java:1049)
	at org.testng.TestNG.run(TestNG.java:1017)
	at org.testng.remote.AbstractRemoteTestNG.run(AbstractRemoteTestNG.java:115)
	at org.testng.remote.RemoteTestNG.initAndRun(RemoteTestNG.java:251)
	at org.testng.remote.RemoteTestNG.main(RemoteTestNG.java:77)
Caused by: com.techouts.fanniemae.exceptions.WebElementOperationException: Error occurred while comparing the ActualPageTitle[Corporate Procurement HomePage: Buyer Fannie Mae] with ExpectedPageTitle[Login: Buyer Fannie Mae].
	at com.techouts.fanniemae.webelement.ops.WebElementOperations.throwWebElementOperationException(WebElementOperations.java:187)
	at com.techouts.fanniemae.webelement.ops.WebElementOperations.verifyPageTitle(WebElementOperations.java:92)
	at com.techouts.fanniemae.testcases.CreateRequisitionsTest.createSpecialRequestsRequisitions(CreateRequisitionsTest.java:36)
	... 25 more
Caused by: com.techouts.fanniemae.exceptions.AssertException: Page title is not as expected.
	at com.techouts.fanniemae.util.Assert.assertEquals(Assert.java:26)
	at com.techouts.fanniemae.webelement.ops.WebElementOperations.verifyPageTitle(WebElementOperations.java:89)
	... 26 more
</pre></div></td>
<td>2</td>
<td>com.techouts.fanniemae.testcases.CreateRequisitionsTest@5ef6ae06</td></tr>
</table><p>
</body>
</html>