<?xml version="1.0" encoding="UTF-8"?>
<!-- Generated by org.testng.reporters.JUnitXMLReporter -->
<testsuite hostname="TO-2GF3Z52-L" name="Test1" tests="2" failures="0" timestamp="3 Nov 2019 13:35:09 GMT" time="222.907" errors="0">
  <testcase name="createSpecialRequestsRequisitions" time="163.147" classname="com.techouts.fanniemae.testcases.CreateRequisitionsTest"/>
  <testcase name="commodityApprovalforSubmittedRequest" time="56.73" classname="com.techouts.fanniemae.testcases.CreateRequisitionsTest"/>
</testsuite> <!-- Test1 -->
