<?xml version="1.0" encoding="UTF-8"?>
<!-- Generated by org.testng.reporters.JUnitXMLReporter -->
<testsuite hostname="TO8K4MZL2-D" ignored="0" name="Test1" tests="2" failures="2" timestamp="27 Nov 2019 09:31:48 GMT" time="67.564" errors="0">
  <testcase name="createSpecialRequestsRequisitions" time="67.323" classname="com.techouts.fanniemae.testcases.CreateRequisitionsTest">
    <failure type="com.techouts.fanniemae.exceptions.FannieMaeBusinessException" message="throwing exception to make sure capturing testcase result to testNG">
      <![CDATA[com.techouts.fanniemae.exceptions.FannieMaeBusinessException: throwing exception to make sure capturing testcase result to testNG
at com.techouts.fanniemae.test.AbstractTest.performPostExceptionProcess(AbstractTest.java:230)
at com.techouts.fanniemae.testcases.CreateRequisitionsTest.createSpecialRequestsRequisitions(CreateRequisitionsTest.java:60)
Caused by: com.techouts.fanniemae.exceptions.FannieMaeBusinessException: unable to perform logout operation in TestCase[CreateSpecialRequestsRequisitions].
at com.techouts.fanniemae.test.page.actions.HomePageActions.logout(HomePageActions.java:242)
at com.techouts.fanniemae.test.AbstractTest.performPostExceptionProcess(AbstractTest.java:227)
... 26 more
... Removed 25 stack frames]]>
    </failure>
  </testcase> <!-- createSpecialRequestsRequisitions -->
  <testcase name="commodityApprovalforSubmittedRequest" time="0.021" classname="com.techouts.fanniemae.testcases.CreateRequisitionsTest">
    <failure type="com.techouts.fanniemae.exceptions.FannieMaeBusinessException" message="throwing exception to make sure capturing testcase result to testNG">
      <![CDATA[com.techouts.fanniemae.exceptions.FannieMaeBusinessException: throwing exception to make sure capturing testcase result to testNG
at com.techouts.fanniemae.test.AbstractTest.performPostExceptionProcess(AbstractTest.java:230)
at com.techouts.fanniemae.testcases.CreateRequisitionsTest.commodityApprovalforSubmittedRequest(CreateRequisitionsTest.java:110)
Caused by: com.techouts.fanniemae.exceptions.FannieMaeBusinessException: unable to perform logout operation in TestCase[CommodityApprovalforSubmittedRequest].
at com.techouts.fanniemae.test.page.actions.HomePageActions.logout(HomePageActions.java:242)
at com.techouts.fanniemae.test.AbstractTest.performPostExceptionProcess(AbstractTest.java:227)
... 26 more
... Removed 25 stack frames]]>
    </failure>
  </testcase> <!-- commodityApprovalforSubmittedRequest -->
</testsuite> <!-- Test1 -->
