<?xml version="1.0" encoding="UTF-8"?>
<testng-results skipped="0" failed="0" ignored="0" total="1" passed="1">
  <reporter-output>
  </reporter-output>
  <suite name="Suite" duration-ms="13648" started-at="2019-11-26T13:49:20Z" finished-at="2019-11-26T13:49:33Z">
    <groups>
    </groups>
    <test name="Test1" duration-ms="13648" started-at="2019-11-26T13:49:20Z" finished-at="2019-11-26T13:49:33Z">
      <class name="com.pt.Sample1">
        <test-method status="PASS" signature="beforeSuite()[pri:0, instance:com.pt.Sample1@2cc44ad]" name="beforeSuite" is-config="true" duration-ms="100" started-at="2019-11-26T13:49:20Z" finished-at="2019-11-26T13:49:20Z">
          <reporter-output>
          </reporter-output>
        </test-method> <!-- beforeSuite -->
        <test-method status="PASS" signature="beforeClass()[pri:0, instance:com.pt.Sample1@2cc44ad]" name="beforeClass" is-config="true" duration-ms="2" started-at="2019-11-26T13:49:20Z" finished-at="2019-11-26T13:49:20Z">
          <reporter-output>
          </reporter-output>
        </test-method> <!-- beforeClass -->
        <test-method status="PASS" signature="openApplication()[pri:0, instance:com.pt.Sample1@2cc44ad]" name="openApplication" duration-ms="13489" started-at="2019-11-26T13:49:20Z" finished-at="2019-11-26T13:49:33Z">
          <reporter-output>
          </reporter-output>
        </test-method> <!-- openApplication -->
        <test-method status="PASS" signature="afterClass()[pri:0, instance:com.pt.Sample1@2cc44ad]" name="afterClass" is-config="true" duration-ms="1" started-at="2019-11-26T13:49:33Z" finished-at="2019-11-26T13:49:33Z">
          <reporter-output>
          </reporter-output>
        </test-method> <!-- afterClass -->
        <test-method status="PASS" signature="afterSuite()[pri:0, instance:com.pt.Sample1@2cc44ad]" name="afterSuite" is-config="true" duration-ms="4708" started-at="2019-11-26T13:49:34Z" finished-at="2019-11-26T13:49:38Z">
          <reporter-output>
          </reporter-output>
        </test-method> <!-- afterSuite -->
      </class> <!-- com.pt.Sample1 -->
    </test> <!-- Test1 -->
  </suite> <!-- Suite -->
</testng-results>
