<?xml version="1.0" encoding="UTF-8"?>
<!-- Generated by org.testng.reporters.JUnitReportReporter -->
<testsuite hostname="DESKTOP-GQGB5AK" name="com.techouts.fanniemae.testcases.CreateContractMasterServicesAgreement" tests="1" failures="0" timestamp="29 Oct 2019 10:04:28 GMT" time="55.331" errors="1">
  <testcase name="createContractMasterServicesAgreement" time="55.331" classname="com.techouts.fanniemae.testcases.CreateContractMasterServicesAgreement">
    <error type="com.techouts.fanniemae.exceptions.FannieMaeBusinessException" message="throwing exception to make sure capturing testcase result to testNG">
      <![CDATA[com.techouts.fanniemae.exceptions.FannieMaeBusinessException: throwing exception to make sure capturing testcase result to testNG
	at com.techouts.fanniemae.test.AbstractTest.performPostExceptionProcess(AbstractTest.java:225)
	at com.techouts.fanniemae.testcases.CreateContractMasterServicesAgreement.createContractMasterServicesAgreement(CreateContractMasterServicesAgreement.java:54)
	at sun.reflect.NativeMethodAccessorImpl.invoke0(Native Method)
	at sun.reflect.NativeMethodAccessorImpl.invoke(NativeMethodAccessorImpl.java:62)
	at sun.reflect.DelegatingMethodAccessorImpl.invoke(DelegatingMethodAccessorImpl.java:43)
	at java.lang.reflect.Method.invoke(Method.java:498)
	at org.testng.internal.MethodInvocationHelper.invokeMethod(MethodInvocationHelper.java:85)
	at org.testng.internal.Invoker.invokeMethod(Invoker.java:663)
	at org.testng.internal.Invoker.invokeTestMethod(Invoker.java:849)
	at org.testng.internal.Invoker.invokeTestMethods(Invoker.java:1157)
	at org.testng.internal.TestMethodWorker.invokeTestMethods(TestMethodWorker.java:124)
	at org.testng.internal.TestMethodWorker.run(TestMethodWorker.java:108)
	at org.testng.TestRunner.privateRun(TestRunner.java:771)
	at org.testng.TestRunner.run(TestRunner.java:621)
	at org.testng.SuiteRunner.runTest(SuiteRunner.java:357)
	at org.testng.SuiteRunner.runSequentially(SuiteRunner.java:352)
	at org.testng.SuiteRunner.privateRun(SuiteRunner.java:310)
	at org.testng.SuiteRunner.run(SuiteRunner.java:259)
	at org.testng.SuiteRunnerWorker.runSuite(SuiteRunnerWorker.java:52)
	at org.testng.SuiteRunnerWorker.run(SuiteRunnerWorker.java:86)
	at org.testng.TestNG.runSuitesSequentially(TestNG.java:1200)
	at org.testng.TestNG.runSuitesLocally(TestNG.java:1125)
	at org.testng.TestNG.run(TestNG.java:1033)
	at org.testng.remote.RemoteTestNG.run(RemoteTestNG.java:111)
	at org.testng.remote.RemoteTestNG.initAndRun(RemoteTestNG.java:204)
	at org.testng.remote.RemoteTestNG.main(RemoteTestNG.java:175)
Caused by: com.techouts.fanniemae.exceptions.FannieMaeBusinessException: throwing exception to make sure capturing testcase result to testNG
	at com.techouts.fanniemae.test.AbstractTest.performPostExceptionProcess(AbstractTest.java:223)
	... 25 more
Caused by: com.techouts.fanniemae.exceptions.WebElementOperationException: Waited for page to load for 15 seconds.
	at com.techouts.fanniemae.webelement.ops.WebElementOperations.throwWebElementOperationException(WebElementOperations.java:212)
	at com.techouts.fanniemae.webelement.ops.WebElementOperations.waitForPageLoad(WebElementOperations.java:107)
	at com.techouts.fanniemae.testcases.CreateContractMasterServicesAgreement.createContractMasterServicesAgreement(CreateContractMasterServicesAgreement.java:42)
	... 24 more
Caused by: org.openqa.selenium.UnhandledAlertException: unexpected alert open: {Alert text : Some data haven't been filled correctly
  - Supplier : Mandatory
  - Primary Category : Mandatory
  - Contract Status Indicator : Mandatory
  - Created from PR? : Mandatory
  - Budget & BU Approval Provided in Fieldglass? : Mandatory
  - Products/Services Description : Mandatory
  - Status Update/Next Steps : Mandatory
}
  (Session info: chrome=77.0.3865.120): Some data haven't been filled correctly
  - Supplier : Mandatory
  - Primary Category : Mandatory
  - Contract Status Indicator : Mandatory
  - Created from PR? : Mandatory
  - Budget & BU Approval Provided in Fieldglass? : Mandatory
  - Products/Services Description : Mandatory
  - Status Update/Next Steps : Mandatory

Build info: version: '3.141.59', revision: 'e82be7d358', time: '2018-11-14T08:17:03'
System info: host: 'DESKTOP-GQGB5AK', ip: '192.168.1.96', os.name: 'Windows 10', os.arch: 'amd64', os.version: '10.0', java.version: '1.8.0_112'
Driver info: org.openqa.selenium.chrome.ChromeDriver
Capabilities {acceptInsecureCerts: false, browserName: chrome, browserVersion: 77.0.3865.120, chrome: {chromedriverVersion: 76.0.3809.68 (420c9498db8ce..., userDataDir: C:\Users\TO-W7G~1\AppData\L...}, goog:chromeOptions: {debuggerAddress: localhost:63523}, javascriptEnabled: true, networkConnectionEnabled: false, pageLoadStrategy: normal, platform: XP, platformName: XP, proxy: Proxy(), setWindowRect: true, strictFileInteractability: false, timeouts: {implicit: 0, pageLoad: 300000, script: 30000}, unhandledPromptBehavior: dismiss and notify}
Session ID: cdb3ce456d366012dc831e93f5a90924
	at org.openqa.selenium.remote.http.W3CHttpResponseCodec.decode(W3CHttpResponseCodec.java:120)
	at org.openqa.selenium.remote.http.W3CHttpResponseCodec.decode(W3CHttpResponseCodec.java:49)
	at org.openqa.selenium.remote.HttpCommandExecutor.execute(HttpCommandExecutor.java:158)
	at org.openqa.selenium.remote.service.DriverCommandExecutor.execute(DriverCommandExecutor.java:83)
	at org.openqa.selenium.remote.RemoteWebDriver.execute(RemoteWebDriver.java:552)
	at org.openqa.selenium.remote.RemoteWebDriver.executeScript(RemoteWebDriver.java:489)
	at com.techouts.fanniemae.webelement.ops.WebElementOperations.getExpectedCondition(WebElementOperations.java:135)
	at org.openqa.selenium.support.ui.FluentWait.until(FluentWait.java:249)
	at com.techouts.fanniemae.webelement.ops.WebElementOperations.waitForPageLoad(WebElementOperations.java:105)
	... 25 more
]]>
    </error>
  </testcase> <!-- createContractMasterServicesAgreement -->
</testsuite> <!-- com.techouts.fanniemae.testcases.CreateContractMasterServicesAgreement -->
