<?xml version="1.0" encoding="UTF-8"?>
<!-- Generated by org.testng.reporters.JUnitXMLReporter -->
<testsuite hostname="TO-W7GL-15" ignored="0" name="test1" tests="3" failures="0" timestamp="30 Aug 2019 20:32:55 GMT" time="0.54" errors="0">
  <testcase name="@BeforeSuite init" time="0.0" classname="com.techouts.fanniemae.test.BeforeSuitePerformer">
    <failure type="java.lang.NoClassDefFoundError" message="com/sun/mail/util/PropUtil">
      <![CDATA[java.lang.NoClassDefFoundError: com/sun/mail/util/PropUtil
	at javax.mail.internet.InternetAddress.<clinit>(InternetAddress.java:86)
	at com.techouts.fanniemae.dto.MailParam$MailConfig.initFrom(MailParam.java:80)
	at com.techouts.fanniemae.dto.MailParam$MailConfig.<init>(MailParam.java:69)
	at com.techouts.fanniemae.dto.MailParam.<init>(MailParam.java:23)
	at com.techouts.fanniemae.test.BeforeSuitePerformer.init(BeforeSuitePerformer.java:22)
Caused by: java.lang.ClassNotFoundException: com.sun.mail.util.PropUtil
	at java.net.URLClassLoader.findClass(Unknown Source)
	at java.lang.ClassLoader.loadClass(Unknown Source)
	at sun.misc.Launcher$AppClassLoader.loadClass(Unknown Source)
	at java.lang.ClassLoader.loadClass(Unknown Source)
	... 24 more
... Removed 19 stack frames]]>
    </failure>
  </testcase> <!-- @BeforeSuite init -->
  <testcase name="openExcelFile" time="0.0" classname="com.techouts.fanniemae.test.CreateRequisitions">
    <skipped/>
  </testcase> <!-- openExcelFile -->
  <testcase name="createSpecialRequestsRequisitions" time="0.0" classname="com.techouts.fanniemae.test.CreateRequisitions">
    <skipped/>
  </testcase> <!-- createSpecialRequestsRequisitions -->
  <testcase name="commodityApprovalforSubmittedRequest" time="0.0" classname="com.techouts.fanniemae.test.CreateRequisitions">
    <skipped/>
  </testcase> <!-- commodityApprovalforSubmittedRequest -->
</testsuite> <!-- test1 -->
