<?xml version="1.0" encoding="UTF-8"?>
<!-- Generated by org.testng.reporters.JUnitXMLReporter -->
<testsuite hostname="DESKTOP-2LDB7V8" name="FannieMaeTest1" tests="4" failures="1" timestamp="3 Sep 2019 11:37:17 GMT" time="109.92" errors="0">
  <testcase name="@AfterClass afterClass" time="0.0" classname="com.techouts.fanniemae.testcases.CorporateSupplierCreationTest">
    <failure type="com.techouts.fanniemae.exceptions.ExcelReadWriteException" message="Unknown error occurred while closing the workbook.">
      <![CDATA[com.techouts.fanniemae.exceptions.ExcelReadWriteException: Unknown error occurred while closing the workbook.
	at com.techouts.fanniemae.repo.TestExcelRepository.close(TestExcelRepository.java:208)
	at com.techouts.fanniemae.test.AbstractTest.performAfterClass(AbstractTest.java:98)
	at com.techouts.fanniemae.test.AbstractTest.afterClass(AbstractTest.java:78)
Caused by: org.apache.poi.openxml4j.exceptions.OpenXML4JRuntimeException: Fail to save: an error occurs while saving the package : null
	at org.apache.poi.openxml4j.opc.ZipPackage.saveImpl(ZipPackage.java:595)
	at org.apache.poi.openxml4j.opc.OPCPackage.save(OPCPackage.java:1539)
	at org.apache.poi.openxml4j.opc.OPCPackage.save(OPCPackage.java:1522)
	at org.apache.poi.openxml4j.opc.ZipPackage.closeImpl(ZipPackage.java:450)
	at org.apache.poi.openxml4j.opc.OPCPackage.close(OPCPackage.java:479)
	at org.apache.poi.POIXMLDocument.close(POIXMLDocument.java:189)
	at com.techouts.fanniemae.repo.TestExcelRepository.closeBook(TestExcelRepository.java:213)
	at com.techouts.fanniemae.repo.TestExcelRepository.close(TestExcelRepository.java:202)
	... 26 more
Caused by: java.lang.NullPointerException
	at org.apache.poi.openxml4j.util.ZipSecureFile$ThresholdInputStream.available(ZipSecureFile.java:317)
	at org.apache.poi.openxml4j.opc.internal.marshallers.ZipPartMarshaller.marshall(ZipPartMarshaller.java:84)
	at org.apache.poi.openxml4j.opc.ZipPackagePart.save(ZipPackagePart.java:124)
	at org.apache.poi.openxml4j.opc.internal.marshallers.DefaultMarshaller.marshall(DefaultMarshaller.java:43)
	at org.apache.poi.openxml4j.opc.ZipPackage.saveImpl(ZipPackage.java:585)
	... 33 more
... Removed 24 stack frames]]>
    </failure>
  </testcase> <!-- @AfterClass afterClass -->
  <testcase name="@BeforeClass beforeClass" time="0.0" classname="com.techouts.fanniemae.testcases.CreateRequisitionsTest">
    <skipped/>
  </testcase> <!-- @BeforeClass beforeClass -->
  <testcase name="@AfterClass afterClass" time="0.0" classname="com.techouts.fanniemae.testcases.CreateRequisitionsTest">
    <skipped/>
  </testcase> <!-- @AfterClass afterClass -->
  <testcase name="@BeforeClass beforeClass" time="0.0" classname="com.techouts.fanniemae.testcases.RealEstateBrokerSupplierCreationTest">
    <skipped/>
  </testcase> <!-- @BeforeClass beforeClass -->
  <testcase name="@AfterClass afterClass" time="0.0" classname="com.techouts.fanniemae.testcases.RealEstateBrokerSupplierCreationTest">
    <skipped/>
  </testcase> <!-- @AfterClass afterClass -->
  <testcase name="createCorporateSupplier" time="108.099" classname="com.techouts.fanniemae.testcases.CorporateSupplierCreationTest">
    <failure type="com.techouts.fanniemae.exceptions.ExcelReadWriteException" message="Error occurred in writing TestCase[3] Result[Fail] to ExcelSheet[TestData:[[2]].">
      <![CDATA[com.techouts.fanniemae.exceptions.ExcelReadWriteException: Error occurred in writing TestCase[3] Result[Fail] to ExcelSheet[TestData:[[2]].
	at com.techouts.fanniemae.repo.TestExcelRepository.updateTestCaseResultToExcel(TestExcelRepository.java:134)
	at com.techouts.fanniemae.repo.TestExcelRepository.updateTestCaseResultToExcel(TestExcelRepository.java:114)
	at com.techouts.fanniemae.test.AbstractTest.performPostExceptionProcess(AbstractTest.java:209)
	at com.techouts.fanniemae.testcases.CorporateSupplierCreationTest.createCorporateSupplier(CorporateSupplierCreationTest.java:86)
Caused by: com.techouts.fanniemae.exceptions.ExcelReadWriteException: Unknown error occurred while writing the data to pysical location[C:\Users\TO-WVLD-12\Workspaces\Testing\FannieMae\FannieMae\src\main\resources\testData\TestData.xlsx].
	at com.techouts.fanniemae.repo.TestExcelRepository.flush(TestExcelRepository.java:194)
	at com.techouts.fanniemae.repo.TestExcelRepository.updateTestCaseResultToExcel(TestExcelRepository.java:129)
	... 27 more
Caused by: org.apache.poi.POIXMLException: java.lang.NullPointerException
	at org.apache.poi.POIXMLDocument.getProperties(POIXMLDocument.java:147)
	at org.apache.poi.POIXMLDocument.write(POIXMLDocument.java:225)
	at com.techouts.fanniemae.repo.TestExcelRepository.flush(TestExcelRepository.java:185)
	... 28 more
Caused by: java.lang.NullPointerException
	at org.apache.poi.openxml4j.util.ZipSecureFile$ThresholdInputStream.read(ZipSecureFile.java:211)
	at com.sun.org.apache.xerces.internal.impl.XMLEntityManager$RewindableInputStream.read(XMLEntityManager.java:2890)
	at com.sun.org.apache.xerces.internal.impl.XMLEntityManager.setupCurrentEntity(XMLEntityManager.java:674)
	at com.sun.org.apache.xerces.internal.impl.XMLVersionDetector.determineDocVersion(XMLVersionDetector.java:148)
	at com.sun.org.apache.xerces.internal.parsers.XML11Configuration.parse(XML11Configuration.java:805)
	at com.sun.org.apache.xerces.internal.parsers.XML11Configuration.parse(XML11Configuration.java:770)
	at com.sun.org.apache.xerces.internal.parsers.XMLParser.parse(XMLParser.java:141)
	at com.sun.org.apache.xerces.internal.parsers.DOMParser.parse(DOMParser.java:243)
	at com.sun.org.apache.xerces.internal.jaxp.DocumentBuilderImpl.parse(DocumentBuilderImpl.java:339)
	at javax.xml.parsers.DocumentBuilder.parse(DocumentBuilder.java:121)
	at org.apache.poi.util.DocumentHelper.readDocument(DocumentHelper.java:140)
	at org.apache.poi.POIXMLTypeLoader.parse(POIXMLTypeLoader.java:163)
	at org.openxmlformats.schemas.officeDocument.x2006.extendedProperties.PropertiesDocument$Factory.parse(Unknown Source)
	at org.apache.poi.POIXMLProperties.<init>(POIXMLProperties.java:78)
	at org.apache.poi.POIXMLDocument.getProperties(POIXMLDocument.java:145)
	... 30 more
... Removed 24 stack frames]]>
    </failure>
  </testcase> <!-- createCorporateSupplier -->
  <testcase name="createSpecialRequestsRequisitions" time="0.0" classname="com.techouts.fanniemae.testcases.CreateRequisitionsTest">
    <skipped/>
  </testcase> <!-- createSpecialRequestsRequisitions -->
  <testcase name="commodityApprovalforSubmittedRequest" time="0.004" classname="com.techouts.fanniemae.testcases.CreateRequisitionsTest">
    <skipped/>
  </testcase> <!-- commodityApprovalforSubmittedRequest -->
  <testcase name="createRealEstateBroker" time="0.002" classname="com.techouts.fanniemae.testcases.RealEstateBrokerSupplierCreationTest">
    <skipped/>
  </testcase> <!-- createRealEstateBroker -->
</testsuite> <!-- FannieMaeTest1 -->
